android/freecoiljava/build/intermediates/manifest_merge_blame_file/release/manifest-merger-blame-release-report.txt
1<?xml version="1.0" encoding="utf-8"?>
2<manifest xmlns:android="http://schemas.android.com/apk/res/android"
3    package="com.feralbytes.games.freecoiljava"
4    android:versionCode="1"
5    android:versionName="1.0" >
6
7    <uses-sdk
8        android:minSdkVersion="21"
8-->src/main/AndroidManifest.xml
9        android:targetSdkVersion="29" />
9-->src/main/AndroidManifest.xml
10
11    <uses-permission android:name="android.permission.BLUETOOTH" />
11-->src/main/AndroidManifest.xml:4:5-68
11-->src/main/AndroidManifest.xml:4:22-65
12    <uses-permission android:name="android.permission.BLUETOOTH_ADMIN" />
12-->src/main/AndroidManifest.xml:5:5-74
12-->src/main/AndroidManifest.xml:5:22-71
13    <uses-permission android:name="android.permission.VIBRATE" />
13-->src/main/AndroidManifest.xml:6:5-66
13-->src/main/AndroidManifest.xml:6:22-63
14
15    <application>
15-->src/main/AndroidManifest.xml:8:5-23:15
16
17        <!--
18Plugin metadata:
19
20- In the `android:name` attribute, the `org.godotengine.plugin.v1` prefix
21is required so Godot can recognize the project as a valid Godot
22Android plugin. The plugin name following the prefix should match the value
23of the plugin name returned by the plugin initializer.
24
25- The `android:value` attribute should be the classpath to the plugin
26initializer.
27        -->
28        <meta-data
28-->src/main/AndroidManifest.xml:20:1-22:72
29            android:name="org.godotengine.plugin.v1.FreecoiL"
29-->src/main/AndroidManifest.xml:21:5-54
30            android:value="com.feralbytes.games.freecoiljava.FreecoiLPlugin" />
30-->src/main/AndroidManifest.xml:22:5-69
31    </application>
32
33</manifest>